2025-06-11 14:03:05 - User: root - Path: /api/conversation/
2025-06-11 14:03:08 - User: root - Path: /api/conversation/
2025-06-11 14:11:39 - User: root - Path: /api/conversation/
2025-06-11 14:15:03 - User: root - Path: /api/conversation/
2025-06-11 14:15:12 - User: root - Path: /api/conversation/
2025-06-11 14:15:47 - User: root - Path: /api/conversation/
14 - User: root - Path: /api/conversation/
2025-06-11 14:17:37 - User: root - Path: /api/conversation/
2025-06-11 14:18:02 - User: root - Path: /api/conversation/
2025-06-11 14:18:11 - User: root - Path: /api/conversation/
2025-06-11 15:02:53 - User: root - Path: /api/chats/conversation/
2025-06-11 15:03:39 - User: root - Path: /api/chats/conversation/
2025-06-11 15:04:11 - User: root - Path: /api/chats/conversation/
2025-06-11 15:05:29 - User: root - Path: /api/chats/conversation/
2025-06-11 15:05:41 - User: root - Path: /api/chats/conversation/
2025-06-11 15:05:49 - User: root - Path: /api/chats/conversation/
2025-06-11 15:05:52 - User: root - Path: /api/chats/conversation/
2025-06-11 15:07:48 - User: root - Path: /api/chats/conversation/
2025-06-11 15:08:30 - User: root - Path: /api/chats/conversation/
2025-06-11 15:09:09 - User: root - Path: /api/chats/conversation/
2025-06-11 15:09:16 - User: root - Path: /api/chats/conversation/
2025-06-11 15:09:23 - User: root - Path: /api/chats/conversation/
2025-06-11 15:10:13 - User: root - Path: /api/chats/conversation/
2025-06-11 15:10:16 - User: root - Path: /api/chats/conversation/
2025-06-11 15:10:46 - User: root - Path: /api/chats/conversation/
2025-06-11 15:10:52 - User: root - Path: /api/chats/conversation/
2025-06-11 15:10:55 - User: root - Path: /api/chats/conversation/
2025-06-11 15:10:58 - User: root - Path: /api/chats/conversation/
2025-06-11 15:12:42 - User: root - Path: /api/chats/conversation/
2025-06-11 15:12:48 - User: root - Path: /api/chats/conversation/
2025-06-11 15:13:42 - User: root - Path: /api/chats/conversation/
2025-06-11 15:13:46 - User: root - Path: /api/chats/conversation/
2025-06-11 15:27:06 - User: root - Path: /api/chats/conversation/messages/
2025-06-11 15:27:08 - User: root - Path: /api/chats/conversation/messages/
2025-06-12 11:25:48 - User: AnonymousUser - Path: /
2025-06-12 11:25:50 - User: AnonymousUser - Path: /favicon.ico
2025-06-12 11:48:45 - User: AnonymousUser - Path: /
2025-06-12 11:48:47 - User: AnonymousUser - Path: /favicon.ico
2025-06-12 11:48:59 - User: AnonymousUser - Path: /api/books
2025-06-12 11:49:08 - User: AnonymousUser - Path: /api/login
2025-06-12 11:49:27 - User: AnonymousUser - Path: /api-auth/login
2025-06-12 11:49:27 - User: AnonymousUser - Path: /api-auth/login/
2025-06-12 11:49:33 - User: AnonymousUser - Path: /api-auth/login/
2025-06-12 11:49:36 - User: root - Path: /accounts/profile/
2025-06-12 11:52:00 - User: root - Path: /accounts/profile/
2025-06-12 11:52:12 - User: root - Path: /accounts/profile/
2025-06-12 11:52:24 - User: root - Path: /accounts/
2025-06-12 11:52:33 - User: root - Path: /api/conversation
2025-06-12 11:52:40 - User: root - Path: /api/chats/conversation
2025-06-12 11:52:40 - User: root - Path: /api/chats/conversation/
2025-06-12 11:52:50 - User: root - Path: /api/chats/conversations/
2025-06-12 11:52:57 - User: root - Path: /api/chats/conversation/
